2023-05-10 18:08:05,212 - INFO - automata.core.tasks.task_registry - Task environment created successfully
2023-05-10 18:08:05,212 - INFO - __main__ - Executing task b3f4921e-3e80-5af9-8476-476150db8667
2023-05-10 18:08:05,531 - INFO - __main__ - Running a test execution...
2023-05-10 18:08:08,133 - INFO - automata.tools.python_tools.python_writer - 
---Updating module---
Path:
core.agent.automata_agent
Class Name:

Source Code:
def test123(x): return True
Writing to disk:
True

2023-05-10 18:08:08,563 - INFO - __main__ - Task executed successfully
2023-05-10 18:08:08,836 - INFO - __main__ - Executing task b3f4921e-3e80-5af9-8476-476150db8667
2023-05-10 18:08:09,083 - INFO - __main__ - Running a test execution...
2023-05-10 18:08:11,246 - INFO - automata.tools.python_tools.python_writer - 
---Updating module---
Path:
core.agent.automata_agent
Class Name:

Source Code:
def test123(x): return True
Writing to disk:
True

2023-05-10 18:08:11,514 - INFO - __main__ - Task executed successfully
2023-05-10 18:08:11,761 - INFO - __main__ - Executing task b3f4921e-3e80-5af9-8476-476150db8667
2023-05-10 18:08:11,989 - INFO - __main__ - Running a test execution...
2023-05-10 18:08:14,388 - INFO - automata.tools.python_tools.python_writer - 
---Updating module---
Path:
core.agent.automata_agent
Class Name:

Source Code:
def test123(x): return True
Writing to disk:
True

2023-05-10 18:08:14,649 - INFO - __main__ - Task executed successfully
2023-05-10 18:08:14,895 - INFO - automata.core.tasks.task_registry - Comitting task...
